  GameState_Play.cpp
C:\Users\user\Desktop\作业\COMP4300_A3 (1)\src\GameState_Play.cpp(109,1): warning C4996: 'sf::Text::setColor': was declared deprecated
C:\libraries\SFML-2.5.1\include\SFML\Graphics\Text.hpp(210): message : see declaration of 'sf::Text::setColor'
C:\Program Files (x86)\Microsoft Visual Studio\2019\Community\VC\Tools\MSVC\14.23.28105\include\tuple(644,14): error C2039: '_Ttype': is not a member of 'std::_Tuple_element<_Ty,std::tuple<>>'
C:\Program Files (x86)\Microsoft Visual Studio\2019\Community\VC\Tools\MSVC\14.23.28105\include\tuple(644,14): error C2039:         with
C:\Program Files (x86)\Microsoft Visual Studio\2019\Community\VC\Tools\MSVC\14.23.28105\include\tuple(644,14): error C2039:         [
C:\Program Files (x86)\Microsoft Visual Studio\2019\Community\VC\Tools\MSVC\14.23.28105\include\tuple(644,14): error C2039:             _Ty=Animation
C:\Program Files (x86)\Microsoft Visual Studio\2019\Community\VC\Tools\MSVC\14.23.28105\include\tuple(644,14): error C2039:         ]
C:\Program Files (x86)\Microsoft Visual Studio\2019\Community\VC\Tools\MSVC\14.23.28105\include\tuple(644): message : see declaration of 'std::_Tuple_element<_Ty,std::tuple<>>'
C:\Program Files (x86)\Microsoft Visual Studio\2019\Community\VC\Tools\MSVC\14.23.28105\include\tuple(644): message :         with
C:\Program Files (x86)\Microsoft Visual Studio\2019\Community\VC\Tools\MSVC\14.23.28105\include\tuple(644): message :         [
C:\Program Files (x86)\Microsoft Visual Studio\2019\Community\VC\Tools\MSVC\14.23.28105\include\tuple(644): message :             _Ty=Animation
C:\Program Files (x86)\Microsoft Visual Studio\2019\Community\VC\Tools\MSVC\14.23.28105\include\tuple(644): message :         ]
C:\Program Files (x86)\Microsoft Visual Studio\2019\Community\VC\Tools\MSVC\14.23.28105\include\tuple(644): message : see reference to class template instantiation 'std::_Tuple_element<_Ty,std::tuple<CState>>' being compiled
C:\Program Files (x86)\Microsoft Visual Studio\2019\Community\VC\Tools\MSVC\14.23.28105\include\tuple(644): message :         with
C:\Program Files (x86)\Microsoft Visual Studio\2019\Community\VC\Tools\MSVC\14.23.28105\include\tuple(644): message :         [
C:\Program Files (x86)\Microsoft Visual Studio\2019\Community\VC\Tools\MSVC\14.23.28105\include\tuple(644): message :             _Ty=Animation
C:\Program Files (x86)\Microsoft Visual Studio\2019\Community\VC\Tools\MSVC\14.23.28105\include\tuple(644): message :         ]
C:\Program Files (x86)\Microsoft Visual Studio\2019\Community\VC\Tools\MSVC\14.23.28105\include\tuple(644): message : see reference to class template instantiation 'std::_Tuple_element<_Ty,std::tuple<CGravity,CState>>' being compiled
C:\Program Files (x86)\Microsoft Visual Studio\2019\Community\VC\Tools\MSVC\14.23.28105\include\tuple(644): message :         with
C:\Program Files (x86)\Microsoft Visual Studio\2019\Community\VC\Tools\MSVC\14.23.28105\include\tuple(644): message :         [
C:\Program Files (x86)\Microsoft Visual Studio\2019\Community\VC\Tools\MSVC\14.23.28105\include\tuple(644): message :             _Ty=Animation
C:\Program Files (x86)\Microsoft Visual Studio\2019\Community\VC\Tools\MSVC\14.23.28105\include\tuple(644): message :         ]
C:\Program Files (x86)\Microsoft Visual Studio\2019\Community\VC\Tools\MSVC\14.23.28105\include\tuple(644): message : see reference to class template instantiation 'std::_Tuple_element<_Ty,std::tuple<CAnimation,CGravity,CState>>' being compiled
C:\Program Files (x86)\Microsoft Visual Studio\2019\Community\VC\Tools\MSVC\14.23.28105\include\tuple(644): message :         with
C:\Program Files (x86)\Microsoft Visual Studio\2019\Community\VC\Tools\MSVC\14.23.28105\include\tuple(644): message :         [
C:\Program Files (x86)\Microsoft Visual Studio\2019\Community\VC\Tools\MSVC\14.23.28105\include\tuple(644): message :             _Ty=Animation
C:\Program Files (x86)\Microsoft Visual Studio\2019\Community\VC\Tools\MSVC\14.23.28105\include\tuple(644): message :         ]
C:\Program Files (x86)\Microsoft Visual Studio\2019\Community\VC\Tools\MSVC\14.23.28105\include\tuple(644): message : see reference to class template instantiation 'std::_Tuple_element<_Ty,std::tuple<CBoundingBox,CAnimation,CGravity,CState>>' being compiled
C:\Program Files (x86)\Microsoft Visual Studio\2019\Community\VC\Tools\MSVC\14.23.28105\include\tuple(644): message :         with
C:\Program Files (x86)\Microsoft Visual Studio\2019\Community\VC\Tools\MSVC\14.23.28105\include\tuple(644): message :         [
C:\Program Files (x86)\Microsoft Visual Studio\2019\Community\VC\Tools\MSVC\14.23.28105\include\tuple(644): message :             _Ty=Animation
C:\Program Files (x86)\Microsoft Visual Studio\2019\Community\VC\Tools\MSVC\14.23.28105\include\tuple(644): message :         ]
C:\Program Files (x86)\Microsoft Visual Studio\2019\Community\VC\Tools\MSVC\14.23.28105\include\tuple(644): message : see reference to class template instantiation 'std::_Tuple_element<_Ty,std::tuple<CInput,CBoundingBox,CAnimation,CGravity,CState>>' being compiled
C:\Program Files (x86)\Microsoft Visual Studio\2019\Community\VC\Tools\MSVC\14.23.28105\include\tuple(644): message :         with
C:\Program Files (x86)\Microsoft Visual Studio\2019\Community\VC\Tools\MSVC\14.23.28105\include\tuple(644): message :         [
C:\Program Files (x86)\Microsoft Visual Studio\2019\Community\VC\Tools\MSVC\14.23.28105\include\tuple(644): message :             _Ty=Animation
C:\Program Files (x86)\Microsoft Visual Studio\2019\Community\VC\Tools\MSVC\14.23.28105\include\tuple(644): message :         ]
C:\Program Files (x86)\Microsoft Visual Studio\2019\Community\VC\Tools\MSVC\14.23.28105\include\tuple(644): message : see reference to class template instantiation 'std::_Tuple_element<_Ty,std::tuple<CLifeSpan,CInput,CBoundingBox,CAnimation,CGravity,CState>>' being compiled
C:\Program Files (x86)\Microsoft Visual Studio\2019\Community\VC\Tools\MSVC\14.23.28105\include\tuple(644): message :         with
C:\Program Files (x86)\Microsoft Visual Studio\2019\Community\VC\Tools\MSVC\14.23.28105\include\tuple(644): message :         [
C:\Program Files (x86)\Microsoft Visual Studio\2019\Community\VC\Tools\MSVC\14.23.28105\include\tuple(644): message :             _Ty=Animation
C:\Program Files (x86)\Microsoft Visual Studio\2019\Community\VC\Tools\MSVC\14.23.28105\include\tuple(644): message :         ]
C:\Program Files (x86)\Microsoft Visual Studio\2019\Community\VC\Tools\MSVC\14.23.28105\include\tuple(677): message : see reference to class template instantiation 'std::_Tuple_element<_Ty,std::tuple<CTransform,CLifeSpan,CInput,CBoundingBox,CAnimation,CGravity,CState>>' being compiled
C:\Program Files (x86)\Microsoft Visual Studio\2019\Community\VC\Tools\MSVC\14.23.28105\include\tuple(677): message :         with
C:\Program Files (x86)\Microsoft Visual Studio\2019\Community\VC\Tools\MSVC\14.23.28105\include\tuple(677): message :         [
C:\Program Files (x86)\Microsoft Visual Studio\2019\Community\VC\Tools\MSVC\14.23.28105\include\tuple(677): message :             _Ty=Animation
C:\Program Files (x86)\Microsoft Visual Studio\2019\Community\VC\Tools\MSVC\14.23.28105\include\tuple(677): message :         ]
C:\Users\user\Desktop\作业\COMP4300_A3 (1)\src\Entity.h(56): message : see reference to function template instantiation '_Ty &std::get<T,CTransform,CLifeSpan,CInput,CBoundingBox,CAnimation,CGravity,CState>(std::tuple<CTransform,CLifeSpan,CInput,CBoundingBox,CAnimation,CGravity,CState> &) noexcept' being compiled
C:\Users\user\Desktop\作业\COMP4300_A3 (1)\src\Entity.h(56): message :         with
C:\Users\user\Desktop\作业\COMP4300_A3 (1)\src\Entity.h(56): message :         [
C:\Users\user\Desktop\作业\COMP4300_A3 (1)\src\Entity.h(56): message :             _Ty=Animation,
C:\Users\user\Desktop\作业\COMP4300_A3 (1)\src\Entity.h(56): message :             T=Animation
C:\Users\user\Desktop\作业\COMP4300_A3 (1)\src\Entity.h(56): message :         ]
C:\Users\user\Desktop\作业\COMP4300_A3 (1)\src\GameState_Play.cpp(521): message : see reference to function template instantiation 'T &Entity::getComponent<Animation>(void)' being compiled
C:\Users\user\Desktop\作业\COMP4300_A3 (1)\src\GameState_Play.cpp(521): message :         with
C:\Users\user\Desktop\作业\COMP4300_A3 (1)\src\GameState_Play.cpp(521): message :         [
C:\Users\user\Desktop\作业\COMP4300_A3 (1)\src\GameState_Play.cpp(521): message :             T=Animation
C:\Users\user\Desktop\作业\COMP4300_A3 (1)\src\GameState_Play.cpp(521): message :         ]
C:\Program Files (x86)\Microsoft Visual Studio\2019\Community\VC\Tools\MSVC\14.23.28105\include\tuple(644,1): error C2061: syntax error: identifier '_Ttype'
C:\Program Files (x86)\Microsoft Visual Studio\2019\Community\VC\Tools\MSVC\14.23.28105\include\tuple(644,14): error C2039: '_Ttype': is not a member of 'std::_Tuple_element<_Ty,std::tuple<CState>>'
C:\Program Files (x86)\Microsoft Visual Studio\2019\Community\VC\Tools\MSVC\14.23.28105\include\tuple(644,14): error C2039:         with
C:\Program Files (x86)\Microsoft Visual Studio\2019\Community\VC\Tools\MSVC\14.23.28105\include\tuple(644,14): error C2039:         [
C:\Program Files (x86)\Microsoft Visual Studio\2019\Community\VC\Tools\MSVC\14.23.28105\include\tuple(644,14): error C2039:             _Ty=Animation
C:\Program Files (x86)\Microsoft Visual Studio\2019\Community\VC\Tools\MSVC\14.23.28105\include\tuple(644,14): error C2039:         ]
C:\Program Files (x86)\Microsoft Visual Studio\2019\Community\VC\Tools\MSVC\14.23.28105\include\tuple(644): message : see declaration of 'std::_Tuple_element<_Ty,std::tuple<CState>>'
C:\Program Files (x86)\Microsoft Visual Studio\2019\Community\VC\Tools\MSVC\14.23.28105\include\tuple(644): message :         with
C:\Program Files (x86)\Microsoft Visual Studio\2019\Community\VC\Tools\MSVC\14.23.28105\include\tuple(644): message :         [
C:\Program Files (x86)\Microsoft Visual Studio\2019\Community\VC\Tools\MSVC\14.23.28105\include\tuple(644): message :             _Ty=Animation
C:\Program Files (x86)\Microsoft Visual Studio\2019\Community\VC\Tools\MSVC\14.23.28105\include\tuple(644): message :         ]
C:\Program Files (x86)\Microsoft Visual Studio\2019\Community\VC\Tools\MSVC\14.23.28105\include\tuple(644,14): error C2039: '_Ttype': is not a member of 'std::_Tuple_element<_Ty,std::tuple<CGravity,CState>>'
C:\Program Files (x86)\Microsoft Visual Studio\2019\Community\VC\Tools\MSVC\14.23.28105\include\tuple(644,14): error C2039:         with
C:\Program Files (x86)\Microsoft Visual Studio\2019\Community\VC\Tools\MSVC\14.23.28105\include\tuple(644,14): error C2039:         [
C:\Program Files (x86)\Microsoft Visual Studio\2019\Community\VC\Tools\MSVC\14.23.28105\include\tuple(644,14): error C2039:             _Ty=Animation
C:\Program Files (x86)\Microsoft Visual Studio\2019\Community\VC\Tools\MSVC\14.23.28105\include\tuple(644,14): error C2039:         ]
C:\Program Files (x86)\Microsoft Visual Studio\2019\Community\VC\Tools\MSVC\14.23.28105\include\tuple(644): message : see declaration of 'std::_Tuple_element<_Ty,std::tuple<CGravity,CState>>'
C:\Program Files (x86)\Microsoft Visual Studio\2019\Community\VC\Tools\MSVC\14.23.28105\include\tuple(644): message :         with
C:\Program Files (x86)\Microsoft Visual Studio\2019\Community\VC\Tools\MSVC\14.23.28105\include\tuple(644): message :         [
C:\Program Files (x86)\Microsoft Visual Studio\2019\Community\VC\Tools\MSVC\14.23.28105\include\tuple(644): message :             _Ty=Animation
C:\Program Files (x86)\Microsoft Visual Studio\2019\Community\VC\Tools\MSVC\14.23.28105\include\tuple(644): message :         ]
C:\Program Files (x86)\Microsoft Visual Studio\2019\Community\VC\Tools\MSVC\14.23.28105\include\tuple(644,14): error C2039: '_Ttype': is not a member of 'std::_Tuple_element<_Ty,std::tuple<CAnimation,CGravity,CState>>'
C:\Program Files (x86)\Microsoft Visual Studio\2019\Community\VC\Tools\MSVC\14.23.28105\include\tuple(644,14): error C2039:         with
C:\Program Files (x86)\Microsoft Visual Studio\2019\Community\VC\Tools\MSVC\14.23.28105\include\tuple(644,14): error C2039:         [
C:\Program Files (x86)\Microsoft Visual Studio\2019\Community\VC\Tools\MSVC\14.23.28105\include\tuple(644,14): error C2039:             _Ty=Animation
C:\Program Files (x86)\Microsoft Visual Studio\2019\Community\VC\Tools\MSVC\14.23.28105\include\tuple(644,14): error C2039:         ]
C:\Program Files (x86)\Microsoft Visual Studio\2019\Community\VC\Tools\MSVC\14.23.28105\include\tuple(644): message : see declaration of 'std::_Tuple_element<_Ty,std::tuple<CAnimation,CGravity,CState>>'
C:\Program Files (x86)\Microsoft Visual Studio\2019\Community\VC\Tools\MSVC\14.23.28105\include\tuple(644): message :         with
C:\Program Files (x86)\Microsoft Visual Studio\2019\Community\VC\Tools\MSVC\14.23.28105\include\tuple(644): message :         [
C:\Program Files (x86)\Microsoft Visual Studio\2019\Community\VC\Tools\MSVC\14.23.28105\include\tuple(644): message :             _Ty=Animation
C:\Program Files (x86)\Microsoft Visual Studio\2019\Community\VC\Tools\MSVC\14.23.28105\include\tuple(644): message :         ]
C:\Program Files (x86)\Microsoft Visual Studio\2019\Community\VC\Tools\MSVC\14.23.28105\include\tuple(644,14): error C2039: '_Ttype': is not a member of 'std::_Tuple_element<_Ty,std::tuple<CBoundingBox,CAnimation,CGravity,CState>>'
C:\Program Files (x86)\Microsoft Visual Studio\2019\Community\VC\Tools\MSVC\14.23.28105\include\tuple(644,14): error C2039:         with
C:\Program Files (x86)\Microsoft Visual Studio\2019\Community\VC\Tools\MSVC\14.23.28105\include\tuple(644,14): error C2039:         [
C:\Program Files (x86)\Microsoft Visual Studio\2019\Community\VC\Tools\MSVC\14.23.28105\include\tuple(644,14): error C2039:             _Ty=Animation
C:\Program Files (x86)\Microsoft Visual Studio\2019\Community\VC\Tools\MSVC\14.23.28105\include\tuple(644,14): error C2039:         ]
C:\Program Files (x86)\Microsoft Visual Studio\2019\Community\VC\Tools\MSVC\14.23.28105\include\tuple(644): message : see declaration of 'std::_Tuple_element<_Ty,std::tuple<CBoundingBox,CAnimation,CGravity,CState>>'
C:\Program Files (x86)\Microsoft Visual Studio\2019\Community\VC\Tools\MSVC\14.23.28105\include\tuple(644): message :         with
C:\Program Files (x86)\Microsoft Visual Studio\2019\Community\VC\Tools\MSVC\14.23.28105\include\tuple(644): message :         [
C:\Program Files (x86)\Microsoft Visual Studio\2019\Community\VC\Tools\MSVC\14.23.28105\include\tuple(644): message :             _Ty=Animation
C:\Program Files (x86)\Microsoft Visual Studio\2019\Community\VC\Tools\MSVC\14.23.28105\include\tuple(644): message :         ]
C:\Program Files (x86)\Microsoft Visual Studio\2019\Community\VC\Tools\MSVC\14.23.28105\include\tuple(644,14): error C2039: '_Ttype': is not a member of 'std::_Tuple_element<_Ty,std::tuple<CInput,CBoundingBox,CAnimation,CGravity,CState>>'
C:\Program Files (x86)\Microsoft Visual Studio\2019\Community\VC\Tools\MSVC\14.23.28105\include\tuple(644,14): error C2039:         with
C:\Program Files (x86)\Microsoft Visual Studio\2019\Community\VC\Tools\MSVC\14.23.28105\include\tuple(644,14): error C2039:         [
C:\Program Files (x86)\Microsoft Visual Studio\2019\Community\VC\Tools\MSVC\14.23.28105\include\tuple(644,14): error C2039:             _Ty=Animation
C:\Program Files (x86)\Microsoft Visual Studio\2019\Community\VC\Tools\MSVC\14.23.28105\include\tuple(644,14): error C2039:         ]
C:\Program Files (x86)\Microsoft Visual Studio\2019\Community\VC\Tools\MSVC\14.23.28105\include\tuple(644): message : see declaration of 'std::_Tuple_element<_Ty,std::tuple<CInput,CBoundingBox,CAnimation,CGravity,CState>>'
C:\Program Files (x86)\Microsoft Visual Studio\2019\Community\VC\Tools\MSVC\14.23.28105\include\tuple(644): message :         with
C:\Program Files (x86)\Microsoft Visual Studio\2019\Community\VC\Tools\MSVC\14.23.28105\include\tuple(644): message :         [
C:\Program Files (x86)\Microsoft Visual Studio\2019\Community\VC\Tools\MSVC\14.23.28105\include\tuple(644): message :             _Ty=Animation
C:\Program Files (x86)\Microsoft Visual Studio\2019\Community\VC\Tools\MSVC\14.23.28105\include\tuple(644): message :         ]
C:\Program Files (x86)\Microsoft Visual Studio\2019\Community\VC\Tools\MSVC\14.23.28105\include\tuple(644,14): error C2039: '_Ttype': is not a member of 'std::_Tuple_element<_Ty,std::tuple<CLifeSpan,CInput,CBoundingBox,CAnimation,CGravity,CState>>'
C:\Program Files (x86)\Microsoft Visual Studio\2019\Community\VC\Tools\MSVC\14.23.28105\include\tuple(644,14): error C2039:         with
C:\Program Files (x86)\Microsoft Visual Studio\2019\Community\VC\Tools\MSVC\14.23.28105\include\tuple(644,14): error C2039:         [
C:\Program Files (x86)\Microsoft Visual Studio\2019\Community\VC\Tools\MSVC\14.23.28105\include\tuple(644,14): error C2039:             _Ty=Animation
C:\Program Files (x86)\Microsoft Visual Studio\2019\Community\VC\Tools\MSVC\14.23.28105\include\tuple(644,14): error C2039:         ]
C:\Program Files (x86)\Microsoft Visual Studio\2019\Community\VC\Tools\MSVC\14.23.28105\include\tuple(644): message : see declaration of 'std::_Tuple_element<_Ty,std::tuple<CLifeSpan,CInput,CBoundingBox,CAnimation,CGravity,CState>>'
C:\Program Files (x86)\Microsoft Visual Studio\2019\Community\VC\Tools\MSVC\14.23.28105\include\tuple(644): message :         with
C:\Program Files (x86)\Microsoft Visual Studio\2019\Community\VC\Tools\MSVC\14.23.28105\include\tuple(644): message :         [
C:\Program Files (x86)\Microsoft Visual Studio\2019\Community\VC\Tools\MSVC\14.23.28105\include\tuple(644): message :             _Ty=Animation
C:\Program Files (x86)\Microsoft Visual Studio\2019\Community\VC\Tools\MSVC\14.23.28105\include\tuple(644): message :         ]
C:\Program Files (x86)\Microsoft Visual Studio\2019\Community\VC\Tools\MSVC\14.23.28105\include\tuple(677,68): error C2039: '_Ttype': is not a member of 'std::_Tuple_element<_Ty,std::tuple<CTransform,CLifeSpan,CInput,CBoundingBox,CAnimation,CGravity,CState>>'
C:\Program Files (x86)\Microsoft Visual Studio\2019\Community\VC\Tools\MSVC\14.23.28105\include\tuple(677,68): error C2039:         with
C:\Program Files (x86)\Microsoft Visual Studio\2019\Community\VC\Tools\MSVC\14.23.28105\include\tuple(677,68): error C2039:         [
C:\Program Files (x86)\Microsoft Visual Studio\2019\Community\VC\Tools\MSVC\14.23.28105\include\tuple(677,68): error C2039:             _Ty=Animation
C:\Program Files (x86)\Microsoft Visual Studio\2019\Community\VC\Tools\MSVC\14.23.28105\include\tuple(677,68): error C2039:         ]
C:\Program Files (x86)\Microsoft Visual Studio\2019\Community\VC\Tools\MSVC\14.23.28105\include\tuple(677): message : see declaration of 'std::_Tuple_element<_Ty,std::tuple<CTransform,CLifeSpan,CInput,CBoundingBox,CAnimation,CGravity,CState>>'
C:\Program Files (x86)\Microsoft Visual Studio\2019\Community\VC\Tools\MSVC\14.23.28105\include\tuple(677): message :         with
C:\Program Files (x86)\Microsoft Visual Studio\2019\Community\VC\Tools\MSVC\14.23.28105\include\tuple(677): message :         [
C:\Program Files (x86)\Microsoft Visual Studio\2019\Community\VC\Tools\MSVC\14.23.28105\include\tuple(677): message :             _Ty=Animation
C:\Program Files (x86)\Microsoft Visual Studio\2019\Community\VC\Tools\MSVC\14.23.28105\include\tuple(677): message :         ]
C:\Program Files (x86)\Microsoft Visual Studio\2019\Community\VC\Tools\MSVC\14.23.28105\include\tuple(677,1): error C2061: syntax error: identifier '_Ttype'
C:\Program Files (x86)\Microsoft Visual Studio\2019\Community\VC\Tools\MSVC\14.23.28105\include\tuple(678,1): error C2061: syntax error: identifier '_Ttype'
